<?xml version="1.0" encoding="UTF-8"?>
<!-- Generated by org.testng.reporters.JUnitXMLReporter -->
<testsuite ignored="0" hostname="LAPTOP-PMTCCV5S" failures="4" tests="4" name="CosTest" time="0.031" errors="0" timestamp="2022-01-25T13:15:22 IST">
  <testcase classname="TrignometricTests.CosTest" name="cosnegativeTest" time="0.004">
    <failure type="java.lang.AssertionError" message="Method &amp;apos;cosTest&amp;apos; did not return expected value expected [-0.5] but found [-0.8660254037844386]">
      <![CDATA[java.lang.AssertionError: Method 'cosTest' did not return expected value expected [-0.5] but found [-0.8660254037844386]
at TrignometricTests.CosTest.cosnegativeTest(CosTest.java:21)
at java.base/java.util.ArrayList.forEach(ArrayList.java:1541)
... Removed 31 stack frames]]>
    </failure>
  </testcase> <!-- cosnegativeTest -->
  <testcase classname="TrignometricTests.CosTest" name="cosnegativeTest" time="0.002">
    <failure type="java.lang.AssertionError" message="Method &amp;apos;cosTest&amp;apos; did not return expected value expected [1.0] but found [-2.4492935982947064E-16]">
      <![CDATA[java.lang.AssertionError: Method 'cosTest' did not return expected value expected [1.0] but found [-2.4492935982947064E-16]
at TrignometricTests.CosTest.cosnegativeTest(CosTest.java:21)
at java.base/java.util.ArrayList.forEach(ArrayList.java:1541)
... Removed 31 stack frames]]>
    </failure>
  </testcase> <!-- cosnegativeTest -->
  <testcase classname="TrignometricTests.CosTest" name="cospositiveTest" time="0.002">
    <failure type="java.lang.AssertionError" message="Method &amp;apos;cosTest&amp;apos; did not return expected value expected [-1.0] but found [1.2246467991473532E-16]">
      <![CDATA[java.lang.AssertionError: Method 'cosTest' did not return expected value expected [-1.0] but found [1.2246467991473532E-16]
at TrignometricTests.CosTest.cospositiveTest(CosTest.java:15)
at java.base/java.util.ArrayList.forEach(ArrayList.java:1541)
... Removed 31 stack frames]]>
    </failure>
  </testcase> <!-- cospositiveTest -->
  <testcase classname="TrignometricTests.CosTest" name="cospositiveTest" time="0.002">
    <failure type="java.lang.AssertionError" message="Method &amp;apos;cosTest&amp;apos; did not return expected value expected [0.0] but found [1.0]">
      <![CDATA[java.lang.AssertionError: Method 'cosTest' did not return expected value expected [0.0] but found [1.0]
at TrignometricTests.CosTest.cospositiveTest(CosTest.java:15)
at java.base/java.util.ArrayList.forEach(ArrayList.java:1541)
... Removed 31 stack frames]]>
    </failure>
  </testcase> <!-- cospositiveTest -->
</testsuite> <!-- CosTest -->
