<!DOCTYPE html PUBLIC "-//W3C//DTD XHTML 1.1//EN" "https://www.w3.org/TR/xhtml11/DTD/xhtml11.dtd">
<html xmlns="https://www.w3.org/1999/xhtml">
<head>
<meta http-equiv="content-type" content="text/html; charset=UTF-8"/>
<title>TestNG Report</title>
<style type="text/css">table {margin-bottom:10px;border-collapse:collapse;empty-cells:show}th,td {border:1px solid #009;padding:.25em .5em}th {vertical-align:bottom}td {vertical-align:top}table a {font-weight:bold}.stripe td {background-color: #E6EBF9}.num {text-align:right}.passedodd td {background-color: #3F3}.passedeven td {background-color: #0A0}.skippedodd td {background-color: #DDD}.skippedeven td {background-color: #CCC}.failedodd td,.attn {background-color: #F33}.failedeven td,.stripe .attn {background-color: #D00}.stacktrace {white-space:pre;font-family:monospace}.totop {font-size:85%;text-align:center;border-bottom:2px solid #000}.invisible {display:none}</style>
</head>
<body>
<table>
<tr><th>Test</th><th># Passed</th><th># Skipped</th><th># Retried</th><th># Failed</th><th>Time (ms)</th><th>Included Groups</th><th>Excluded Groups</th></tr>
<tr><th colspan="8">Suite</th></tr>
<tr><td><a href="#t0">SumLongTest</a></td><td class="num">4</td><td class="num">0</td><td class="num">0</td><td class="num">0</td><td class="num">155</td><td></td><td></td></tr>
<tr class="stripe"><td><a href="#t1">SumDoubleTest</a></td><td class="num">4</td><td class="num">0</td><td class="num">0</td><td class="num">0</td><td class="num">28</td><td></td><td></td></tr>
<tr><td><a href="#t2">SubLongTest</a></td><td class="num">4</td><td class="num">0</td><td class="num">0</td><td class="num">0</td><td class="num">27</td><td></td><td></td></tr>
<tr class="stripe"><td><a href="#t3">SubDoubleTest</a></td><td class="num">4</td><td class="num">0</td><td class="num">0</td><td class="num">0</td><td class="num">25</td><td></td><td></td></tr>
<tr><td><a href="#t4">DivTest</a></td><td class="num">3</td><td class="num">0</td><td class="num">0</td><td class="num">0</td><td class="num">19</td><td></td><td></td></tr>
<tr class="stripe"><td><a href="#t5">CosTest</a></td><td class="num">0</td><td class="num">0</td><td class="num">0</td><td class="num attn">4</td><td class="num">31</td><td></td><td></td></tr>
<tr><td><a href="#t6">SinTest</a></td><td class="num">2</td><td class="num">0</td><td class="num">0</td><td class="num attn">2</td><td class="num">28</td><td></td><td></td></tr>
<tr><th>Total</th><th class="num">21</th><th class="num">0</th><th class="num">0</th><th class="num attn">6</th><th class="num">313</th><th colspan="2"></th></tr>
</table>
<table id='summary'><thead><tr><th>Class</th><th>Method</th><th>Start</th><th>Time (ms)</th></tr></thead><tbody><tr><th colspan="4">Suite</th></tr></tbody><tbody id="t0"><tr><th colspan="4">SumLongTest &#8212; passed</th></tr><tr class="passedeven"><td rowspan="4">CalculatorTests.SumLongTest</td><td><a href="#m0">sumnegativeTestLong</a></td><td rowspan="2">1643096722317</td><td rowspan="2">17</td></tr><tr class="passedeven"><td><a href="#m1">sumnegativeTestLong</a></td></tr><tr class="passedeven"><td><a href="#m2">sumpositiveTestLong</a></td><td rowspan="2">1643096722349</td><td rowspan="2">3</td></tr><tr class="passedeven"><td><a href="#m3">sumpositiveTestLong</a></td></tr></tbody>
<tbody id="t1"><tr><th colspan="4">SumDoubleTest &#8212; passed</th></tr><tr class="passedeven"><td rowspan="4">CalculatorTests.SumDoubleTest</td><td><a href="#m4">sumnegativeTestDouble</a></td><td rowspan="2">1643096722510</td><td rowspan="2">3</td></tr><tr class="passedeven"><td><a href="#m5">sumnegativeTestDouble</a></td></tr><tr class="passedeven"><td><a href="#m6">sumpositiveTestDouble</a></td><td rowspan="2">1643096722523</td><td rowspan="2">3</td></tr><tr class="passedeven"><td><a href="#m7">sumpositiveTestDouble</a></td></tr></tbody>
<tbody id="t2"><tr><th colspan="4">SubLongTest &#8212; passed</th></tr><tr class="passedeven"><td rowspan="4">CalculatorTests.SubLongTest</td><td><a href="#m8">subnegativeTestLong</a></td><td rowspan="2">1643096722554</td><td rowspan="2">3</td></tr><tr class="passedeven"><td><a href="#m9">subnegativeTestLong</a></td></tr><tr class="passedeven"><td><a href="#m10">subpositiveTestLong</a></td><td rowspan="2">1643096722566</td><td rowspan="2">3</td></tr><tr class="passedeven"><td><a href="#m11">subpositiveTestLong</a></td></tr></tbody>
<tbody id="t3"><tr><th colspan="4">SubDoubleTest &#8212; passed</th></tr><tr class="passedeven"><td rowspan="4">CalculatorTests.SubDoubleTest</td><td><a href="#m12">subnegativeTestDouble</a></td><td rowspan="2">1643096722596</td><td rowspan="2">3</td></tr><tr class="passedeven"><td><a href="#m13">subnegativeTestDouble</a></td></tr><tr class="passedeven"><td><a href="#m14">subpositiveTestDouble</a></td><td rowspan="2">1643096722607</td><td rowspan="2">3</td></tr><tr class="passedeven"><td><a href="#m15">subpositiveTestDouble</a></td></tr></tbody>
<tbody id="t4"><tr><th colspan="4">DivTest &#8212; passed</th></tr><tr class="passedeven"><td rowspan="3">CalculatorTests.DivTest</td><td><a href="#m16">DivbyZero</a></td><td rowspan="1">1643096722634</td><td rowspan="1">2</td></tr><tr class="passedeven"><td><a href="#m17">DivpositiveTestLong</a></td><td rowspan="2">1643096722642</td><td rowspan="2">2</td></tr><tr class="passedeven"><td><a href="#m18">DivpositiveTestLong</a></td></tr></tbody>
<tbody id="t5"><tr><th colspan="4">CosTest &#8212; failed</th></tr><tr class="failedeven"><td rowspan="4">TrignometricTests.CosTest</td><td><a href="#m19">cosnegativeTest</a></td><td rowspan="2">1643096722668</td><td rowspan="2">4</td></tr><tr class="failedeven"><td><a href="#m20">cosnegativeTest</a></td></tr><tr class="failedeven"><td><a href="#m21">cospositiveTest</a></td><td rowspan="2">1643096722682</td><td rowspan="2">2</td></tr><tr class="failedeven"><td><a href="#m22">cospositiveTest</a></td></tr></tbody>
<tbody id="t6"><tr><th colspan="4">SinTest &#8212; failed</th></tr><tr class="failedeven"><td rowspan="2">TrignometricTests.SinTest</td><td><a href="#m23">sinnegativeTest</a></td><td rowspan="1">1643096722759</td><td rowspan="1">2</td></tr><tr class="failedeven"><td><a href="#m24">sinpositiveTest</a></td><td rowspan="1">1643096722766</td><td rowspan="1">2</td></tr><tr><th colspan="4">SinTest &#8212; passed</th></tr><tr class="passedeven"><td rowspan="2">TrignometricTests.SinTest</td><td><a href="#m25">sinnegativeTest</a></td><td rowspan="1">1643096722754</td><td rowspan="1">2</td></tr><tr class="passedeven"><td><a href="#m26">sinpositiveTest</a></td><td rowspan="1">1643096722772</td><td rowspan="1">2</td></tr></tbody>
</table>
<h2>SumLongTest</h2><h3 id="m0">CalculatorTests.SumLongTest#sumnegativeTestLong</h3><table class="result"><tr class="param"><th>Parameter #1</th><th>Parameter #2</th><th>Parameter #3</th></tr><tr class="param stripe"><td>1</td><td>-1</td><td>0</td></tr></table><p class="totop"><a href="#summary">back to summary</a></p>
<h3 id="m1">CalculatorTests.SumLongTest#sumnegativeTestLong</h3><table class="result"><tr class="param"><th>Parameter #1</th><th>Parameter #2</th><th>Parameter #3</th></tr><tr class="param stripe"><td>-1</td><td>-1</td><td>-2</td></tr></table><p class="totop"><a href="#summary">back to summary</a></p>
<h3 id="m2">CalculatorTests.SumLongTest#sumpositiveTestLong</h3><table class="result"><tr class="param"><th>Parameter #1</th><th>Parameter #2</th><th>Parameter #3</th></tr><tr class="param stripe"><td>1</td><td>1</td><td>2</td></tr></table><p class="totop"><a href="#summary">back to summary</a></p>
<h3 id="m3">CalculatorTests.SumLongTest#sumpositiveTestLong</h3><table class="result"><tr class="param"><th>Parameter #1</th><th>Parameter #2</th><th>Parameter #3</th></tr><tr class="param stripe"><td>5</td><td>2</td><td>7</td></tr></table><p class="totop"><a href="#summary">back to summary</a></p>
<h2>SumDoubleTest</h2><h3 id="m4">CalculatorTests.SumDoubleTest#sumnegativeTestDouble</h3><table class="result"><tr class="param"><th>Parameter #1</th><th>Parameter #2</th><th>Parameter #3</th></tr><tr class="param stripe"><td>-1.5</td><td>-2.5</td><td>-4.0</td></tr></table><p class="totop"><a href="#summary">back to summary</a></p>
<h3 id="m5">CalculatorTests.SumDoubleTest#sumnegativeTestDouble</h3><table class="result"><tr class="param"><th>Parameter #1</th><th>Parameter #2</th><th>Parameter #3</th></tr><tr class="param stripe"><td>1.5</td><td>-2.5</td><td>-1.0</td></tr></table><p class="totop"><a href="#summary">back to summary</a></p>
<h3 id="m6">CalculatorTests.SumDoubleTest#sumpositiveTestDouble</h3><table class="result"><tr class="param"><th>Parameter #1</th><th>Parameter #2</th><th>Parameter #3</th></tr><tr class="param stripe"><td>1.5</td><td>2.5</td><td>4.0</td></tr></table><p class="totop"><a href="#summary">back to summary</a></p>
<h3 id="m7">CalculatorTests.SumDoubleTest#sumpositiveTestDouble</h3><table class="result"><tr class="param"><th>Parameter #1</th><th>Parameter #2</th><th>Parameter #3</th></tr><tr class="param stripe"><td>0</td><td>0</td><td>0.0</td></tr></table><p class="totop"><a href="#summary">back to summary</a></p>
<h2>SubLongTest</h2><h3 id="m8">CalculatorTests.SubLongTest#subnegativeTestLong</h3><table class="result"><tr class="param"><th>Parameter #1</th><th>Parameter #2</th><th>Parameter #3</th></tr><tr class="param stripe"><td>1</td><td>-1</td><td>2</td></tr></table><p class="totop"><a href="#summary">back to summary</a></p>
<h3 id="m9">CalculatorTests.SubLongTest#subnegativeTestLong</h3><table class="result"><tr class="param"><th>Parameter #1</th><th>Parameter #2</th><th>Parameter #3</th></tr><tr class="param stripe"><td>-1</td><td>-1</td><td>0</td></tr></table><p class="totop"><a href="#summary">back to summary</a></p>
<h3 id="m10">CalculatorTests.SubLongTest#subpositiveTestLong</h3><table class="result"><tr class="param"><th>Parameter #1</th><th>Parameter #2</th><th>Parameter #3</th></tr><tr class="param stripe"><td>1</td><td>1</td><td>0</td></tr></table><p class="totop"><a href="#summary">back to summary</a></p>
<h3 id="m11">CalculatorTests.SubLongTest#subpositiveTestLong</h3><table class="result"><tr class="param"><th>Parameter #1</th><th>Parameter #2</th><th>Parameter #3</th></tr><tr class="param stripe"><td>5</td><td>2</td><td>3</td></tr></table><p class="totop"><a href="#summary">back to summary</a></p>
<h2>SubDoubleTest</h2><h3 id="m12">CalculatorTests.SubDoubleTest#subnegativeTestDouble</h3><table class="result"><tr class="param"><th>Parameter #1</th><th>Parameter #2</th><th>Parameter #3</th></tr><tr class="param stripe"><td>1.5</td><td>2.5</td><td>-1.0</td></tr></table><p class="totop"><a href="#summary">back to summary</a></p>
<h3 id="m13">CalculatorTests.SubDoubleTest#subnegativeTestDouble</h3><table class="result"><tr class="param"><th>Parameter #1</th><th>Parameter #2</th><th>Parameter #3</th></tr><tr class="param stripe"><td>-1.5</td><td>-2.5</td><td>1.0</td></tr></table><p class="totop"><a href="#summary">back to summary</a></p>
<h3 id="m14">CalculatorTests.SubDoubleTest#subpositiveTestDouble</h3><table class="result"><tr class="param"><th>Parameter #1</th><th>Parameter #2</th><th>Parameter #3</th></tr><tr class="param stripe"><td>2.5</td><td>1.5</td><td>1.0</td></tr></table><p class="totop"><a href="#summary">back to summary</a></p>
<h3 id="m15">CalculatorTests.SubDoubleTest#subpositiveTestDouble</h3><table class="result"><tr class="param"><th>Parameter #1</th><th>Parameter #2</th><th>Parameter #3</th></tr><tr class="param stripe"><td>3.0</td><td>2.0</td><td>1.0</td></tr></table><p class="totop"><a href="#summary">back to summary</a></p>
<h2>DivTest</h2><h3 id="m16">CalculatorTests.DivTest#DivbyZero</h3><table class="result"><tr><th>Expected Exception</th></tr><tr><td><div class="stacktrace">java.lang.NumberFormatException: Attempt to divide by zero
	at com.epam.tat.module4.Calculator.div(Calculator.java:34)
	at CalculatorTests.DivTest.DivbyZero(DivTest.java:20)
	at java.base/java.util.ArrayList.forEach(ArrayList.java:1541)
... Removed 27 stack frames</div></td></tr></table><p class="totop"><a href="#summary">back to summary</a></p>
<h3 id="m17">CalculatorTests.DivTest#DivpositiveTestLong</h3><table class="result"><tr class="param"><th>Parameter #1</th><th>Parameter #2</th><th>Parameter #3</th></tr><tr class="param stripe"><td>1</td><td>1</td><td>1</td></tr></table><p class="totop"><a href="#summary">back to summary</a></p>
<h3 id="m18">CalculatorTests.DivTest#DivpositiveTestLong</h3><table class="result"><tr class="param"><th>Parameter #1</th><th>Parameter #2</th><th>Parameter #3</th></tr><tr class="param stripe"><td>5</td><td>2</td><td>2</td></tr></table><p class="totop"><a href="#summary">back to summary</a></p>
<h2>CosTest</h2><h3 id="m19">TrignometricTests.CosTest#cosnegativeTest</h3><table class="result"><tr class="param"><th>Parameter #1</th><th>Parameter #2</th></tr><tr class="param stripe"><td>-1.0471975511965976</td><td>-0.5</td></tr><tr><th colspan="2">Exception</th></tr><tr><td colspan="2"><div class="stacktrace">java.lang.AssertionError: Method &apos;cosTest&apos; did not return expected value expected [-0.5] but found [-0.8660254037844386]
	at TrignometricTests.CosTest.cosnegativeTest(CosTest.java:21)
	at java.base/java.util.ArrayList.forEach(ArrayList.java:1541)
... Removed 31 stack frames</div></td></tr></table><p class="totop"><a href="#summary">back to summary</a></p>
<h3 id="m20">TrignometricTests.CosTest#cosnegativeTest</h3><table class="result"><tr class="param"><th>Parameter #1</th><th>Parameter #2</th></tr><tr class="param stripe"><td>6.283185307179586</td><td>1</td></tr><tr><th colspan="2">Exception</th></tr><tr><td colspan="2"><div class="stacktrace">java.lang.AssertionError: Method &apos;cosTest&apos; did not return expected value expected [1.0] but found [-2.4492935982947064E-16]
	at TrignometricTests.CosTest.cosnegativeTest(CosTest.java:21)
	at java.base/java.util.ArrayList.forEach(ArrayList.java:1541)
... Removed 31 stack frames</div></td></tr></table><p class="totop"><a href="#summary">back to summary</a></p>
<h3 id="m21">TrignometricTests.CosTest#cospositiveTest</h3><table class="result"><tr class="param"><th>Parameter #1</th><th>Parameter #2</th></tr><tr class="param stripe"><td>3.141592653589793</td><td>-1</td></tr><tr><th colspan="2">Exception</th></tr><tr><td colspan="2"><div class="stacktrace">java.lang.AssertionError: Method &apos;cosTest&apos; did not return expected value expected [-1.0] but found [1.2246467991473532E-16]
	at TrignometricTests.CosTest.cospositiveTest(CosTest.java:15)
	at java.base/java.util.ArrayList.forEach(ArrayList.java:1541)
... Removed 31 stack frames</div></td></tr></table><p class="totop"><a href="#summary">back to summary</a></p>
<h3 id="m22">TrignometricTests.CosTest#cospositiveTest</h3><table class="result"><tr class="param"><th>Parameter #1</th><th>Parameter #2</th></tr><tr class="param stripe"><td>1.5707963267948966</td><td>0</td></tr><tr><th colspan="2">Exception</th></tr><tr><td colspan="2"><div class="stacktrace">java.lang.AssertionError: Method &apos;cosTest&apos; did not return expected value expected [0.0] but found [1.0]
	at TrignometricTests.CosTest.cospositiveTest(CosTest.java:15)
	at java.base/java.util.ArrayList.forEach(ArrayList.java:1541)
... Removed 31 stack frames</div></td></tr></table><p class="totop"><a href="#summary">back to summary</a></p>
<h2>SinTest</h2><h3 id="m23">TrignometricTests.SinTest#sinnegativeTest</h3><table class="result"><tr class="param"><th>Parameter #1</th><th>Parameter #2</th></tr><tr class="param stripe"><td>6.283185307179586</td><td>0</td></tr><tr><th colspan="2">Exception</th></tr><tr><td colspan="2"><div class="stacktrace">java.lang.AssertionError: Method &apos;sinTest&apos; did not return expected value expected [0.0] but found [-2.4492935982947064E-16]
	at TrignometricTests.SinTest.sinnegativeTest(SinTest.java:21)
	at java.base/java.util.ArrayList.forEach(ArrayList.java:1541)
... Removed 31 stack frames</div></td></tr></table><p class="totop"><a href="#summary">back to summary</a></p>
<h3 id="m24">TrignometricTests.SinTest#sinpositiveTest</h3><table class="result"><tr class="param"><th>Parameter #1</th><th>Parameter #2</th></tr><tr class="param stripe"><td>3.141592653589793</td><td>0</td></tr><tr><th colspan="2">Exception</th></tr><tr><td colspan="2"><div class="stacktrace">java.lang.AssertionError: Method &apos;sinTest&apos; did not return expected value expected [0.0] but found [1.2246467991473532E-16]
	at TrignometricTests.SinTest.sinpositiveTest(SinTest.java:15)
	at java.base/java.util.ArrayList.forEach(ArrayList.java:1541)
... Removed 31 stack frames</div></td></tr></table><p class="totop"><a href="#summary">back to summary</a></p>
<h3 id="m25">TrignometricTests.SinTest#sinnegativeTest</h3><table class="result"><tr class="param"><th>Parameter #1</th><th>Parameter #2</th></tr><tr class="param stripe"><td>-1.5707963267948966</td><td>-1</td></tr></table><p class="totop"><a href="#summary">back to summary</a></p>
<h3 id="m26">TrignometricTests.SinTest#sinpositiveTest</h3><table class="result"><tr class="param"><th>Parameter #1</th><th>Parameter #2</th></tr><tr class="param stripe"><td>1.5707963267948966</td><td>1</td></tr></table><p class="totop"><a href="#summary">back to summary</a></p>
</body>
</html>
